[2019-06-04 02:57:01] local.ERROR: Parse error: syntax error, unexpected ',' {"exception":"[object] (Symfony\\Component\\Debug\\Exception\\FatalThrowableError(code: 0): Parse error: syntax error, unexpected ',' at D:\\software\\wamp\\wamp\\wamp64\\www\\kuangjia\\laravel55\\app\\Http\\Controllers\\Admin\\TextController.php:63)
[stacktrace]
#0 D:\\software\\wamp\\wamp\\wamp64\\www\\kuangjia\\laravel55\\vendor\\composer\\ClassLoader.php(322): Composer\\Autoload\\includeFile('D:\\\\software\\\\wam...')
#1 [internal function]: Composer\\Autoload\\ClassLoader->loadClass('App\\\\Http\\\\Contro...')
#2 [internal function]: spl_autoload_call('App\\\\Http\\\\Contro...')
#3 D:\\software\\wamp\\wamp\\wamp64\\www\\kuangjia\\laravel55\\vendor\\laravel\\framework\\src\\Illuminate\\Container\\Container.php(752): ReflectionClass->__construct('App\\\\Http\\\\Contro...')
#4 D:\\software\\wamp\\wamp\\wamp64\\www\\kuangjia\\laravel55\\vendor\\laravel\\framework\\src\\Illuminate\\Container\\Container.php(631): Illuminate\\Container\\Container->build('App\\\\Http\\\\Contro...')
#5 D:\\software\\wamp\\wamp\\wamp64\\www\\kuangjia\\laravel55\\vendor\\laravel\\framework\\src\\Illuminate\\Container\\Container.php(586): Illuminate\\Container\\Container->resolve('App\\\\Http\\\\Contro...', Array)
#6 D:\\software\\wamp\\wamp\\wamp64\\www\\kuangjia\\laravel55\\vendor\\laravel\\framework\\src\\Illuminate\\Foundation\\Application.php(721): Illuminate\\Container\\Container->make('App\\\\Http\\\\Contro...', Array)
#7 D:\\software\\wamp\\wamp\\wamp64\\www\\kuangjia\\laravel55\\vendor\\laravel\\framework\\src\\Illuminate\\Routing\\Route.php(218): Illuminate\\Foundation\\Application->make('App\\\\Http\\\\Contro...')
#8 D:\\software\\wamp\\wamp\\wamp64\\www\\kuangjia\\laravel55\\vendor\\laravel\\framework\\src\\Illuminate\\Routing\\Route.php(775): Illuminate\\Routing\\Route->getController()
#9 D:\\software\\wamp\\wamp\\wamp64\\www\\kuangjia\\laravel55\\vendor\\laravel\\framework\\src\\Illuminate\\Routing\\Route.php(736): Illuminate\\Routing\\Route->controllerMiddleware()
#10 D:\\software\\wamp\\wamp\\wamp64\\www\\kuangjia\\laravel55\\vendor\\laravel\\framework\\src\\Illuminate\\Routing\\Router.php(623): Illuminate\\Routing\\Route->gatherMiddleware()
#11 D:\\software\\wamp\\wamp\\wamp64\\www\\kuangjia\\laravel55\\vendor\\laravel\\framework\\src\\Illuminate\\Routing\\Router.php(603): Illuminate\\Routing\\Router->gatherRouteMiddleware(Object(Illuminate\\Routing\\Route))
#12 D:\\software\\wamp\\wamp\\wamp64\\www\\kuangjia\\laravel55\\vendor\\laravel\\framework\\src\\Illuminate\\Routing\\Router.php(571): Illuminate\\Routing\\Router->runRouteWithinStack(Object(Illuminate\\Routing\\Route), Object(Illuminate\\Http\\Request))
#13 D:\\software\\wamp\\wamp\\wamp64\\www\\kuangjia\\laravel55\\vendor\\laravel\\framework\\src\\Illuminate\\Routing\\Router.php(549): Illuminate\\Routing\\Router->dispatchToRoute(Object(Illuminate\\Http\\Request))
#14 D:\\software\\wamp\\wamp\\wamp64\\www\\kuangjia\\laravel55\\vendor\\laravel\\framework\\src\\Illuminate\\Foundation\\Http\\Kernel.php(176): Illuminate\\Routing\\Router->dispatch(Object(Illuminate\\Http\\Request))
#15 D:\\software\\wamp\\wamp\\wamp64\\www\\kuangjia\\laravel55\\vendor\\laravel\\framework\\src\\Illuminate\\Routing\\Pipeline.php(30): Illuminate\\Foundation\\Http\\Kernel->Illuminate\\Foundation\\Http\\{closure}(Object(Illuminate\\Http\\Request))
#16 D:\\software\\wamp\\wamp\\wamp64\\www\\kuangjia\\laravel55\\vendor\\fideloper\\proxy\\src\\TrustProxies.php(56): Illuminate\\Routing\\Pipeline->Illuminate\\Routing\\{closure}(Object(Illuminate\\Http\\Request))
#17 D:\\software\\wamp\\wamp\\wamp64\\www\\kuangjia\\laravel55\\vendor\\laravel\\framework\\src\\Illuminate\\Pipeline\\Pipeline.php(149): Fideloper\\Proxy\\TrustProxies->handle(Object(Illuminate\\Http\\Request), Object(Closure))
#18 D:\\software\\wamp\\wamp\\wamp64\\www\\kuangjia\\laravel55\\vendor\\laravel\\framework\\src\\Illuminate\\Routing\\Pipeline.php(53): Illuminate\\Pipeline\\Pipeline->Illuminate\\Pipeline\\{closure}(Object(Illuminate\\Http\\Request))
#19 D:\\software\\wamp\\wamp\\wamp64\\www\\kuangjia\\laravel55\\vendor\\laravel\\framework\\src\\Illuminate\\Foundation\\Http\\Middleware\\TransformsRequest.php(30): Illuminate\\Routing\\Pipeline->Illuminate\\Routing\\{closure}(Object(Illuminate\\Http\\Request))
#20 D:\\software\\wamp\\wamp\\wamp64\\www\\kuangjia\\laravel55\\vendor\\laravel\\framework\\src\\Illuminate\\Pipeline\\Pipeline.php(149): Illuminate\\Foundation\\Http\\Middleware\\TransformsRequest->handle(Object(Illuminate\\Http\\Request), Object(Closure))
#21 D:\\software\\wamp\\wamp\\wamp64\\www\\kuangjia\\laravel55\\vendor\\laravel\\framework\\src\\Illuminate\\Routing\\Pipeline.php(53): Illuminate\\Pipeline\\Pipeline->Illuminate\\Pipeline\\{closure}(Object(Illuminate\\Http\\Request))
#22 D:\\software\\wamp\\wamp\\wamp64\\www\\kuangjia\\laravel55\\vendor\\laravel\\framework\\src\\Illuminate\\Foundation\\Http\\Middleware\\TransformsRequest.php(30): Illuminate\\Routing\\Pipeline->Illuminate\\Routing\\{closure}(Object(Illuminate\\Http\\Request))
#23 D:\\software\\wamp\\wamp\\wamp64\\www\\kuangjia\\laravel55\\vendor\\laravel\\framework\\src\\Illuminate\\Pipeline\\Pipeline.php(149): Illuminate\\Foundation\\Http\\Middleware\\TransformsRequest->handle(Object(Illuminate\\Http\\Request), Object(Closure))
#24 D:\\software\\wamp\\wamp\\wamp64\\www\\kuangjia\\laravel55\\vendor\\laravel\\framework\\src\\Illuminate\\Routing\\Pipeline.php(53): Illuminate\\Pipeline\\Pipeline->Illuminate\\Pipeline\\{closure}(Object(Illuminate\\Http\\Request))
#25 D:\\software\\wamp\\wamp\\wamp64\\www\\kuangjia\\laravel55\\vendor\\laravel\\framework\\src\\Illuminate\\Foundation\\Http\\Middleware\\ValidatePostSize.php(27): Illuminate\\Routing\\Pipeline->Illuminate\\Routing\\{closure}(Object(Illuminate\\Http\\Request))
#26 D:\\software\\wamp\\wamp\\wamp64\\www\\kuangjia\\laravel55\\vendor\\laravel\\framework\\src\\Illuminate\\Pipeline\\Pipeline.php(149): Illuminate\\Foundation\\Http\\Middleware\\ValidatePostSize->handle(Object(Illuminate\\Http\\Request), Object(Closure))
#27 D:\\software\\wamp\\wamp\\wamp64\\www\\kuangjia\\laravel55\\vendor\\laravel\\framework\\src\\Illuminate\\Routing\\Pipeline.php(53): Illuminate\\Pipeline\\Pipeline->Illuminate\\Pipeline\\{closure}(Object(Illuminate\\Http\\Request))
#28 D:\\software\\wamp\\wamp\\wamp64\\www\\kuangjia\\laravel55\\vendor\\laravel\\framework\\src\\Illuminate\\Foundation\\Http\\Middleware\\CheckForMaintenanceMode.php(46): Illuminate\\Routing\\Pipeline->Illuminate\\Routing\\{closure}(Object(Illuminate\\Http\\Request))
#29 D:\\software\\wamp\\wamp\\wamp64\\www\\kuangjia\\laravel55\\vendor\\laravel\\framework\\src\\Illuminate\\Pipeline\\Pipeline.php(149): Illuminate\\Foundation\\Http\\Middleware\\CheckForMaintenanceMode->handle(Object(Illuminate\\Http\\Request), Object(Closure))
#30 D:\\software\\wamp\\wamp\\wamp64\\www\\kuangjia\\laravel55\\vendor\\laravel\\framework\\src\\Illuminate\\Routing\\Pipeline.php(53): Illuminate\\Pipeline\\Pipeline->Illuminate\\Pipeline\\{closure}(Object(Illuminate\\Http\\Request))
#31 D:\\software\\wamp\\wamp\\wamp64\\www\\kuangjia\\laravel55\\vendor\\laravel\\framework\\src\\Illuminate\\Pipeline\\Pipeline.php(102): Illuminate\\Routing\\Pipeline->Illuminate\\Routing\\{closure}(Object(Illuminate\\Http\\Request))
#32 D:\\software\\wamp\\wamp\\wamp64\\www\\kuangjia\\laravel55\\vendor\\laravel\\framework\\src\\Illuminate\\Foundation\\Http\\Kernel.php(151): Illuminate\\Pipeline\\Pipeline->then(Object(Closure))
#33 D:\\software\\wamp\\wamp\\wamp64\\www\\kuangjia\\laravel55\\vendor\\laravel\\framework\\src\\Illuminate\\Foundation\\Http\\Kernel.php(116): Illuminate\\Foundation\\Http\\Kernel->sendRequestThroughRouter(Object(Illuminate\\Http\\Request))
#34 D:\\software\\wamp\\wamp\\wamp64\\www\\kuangjia\\laravel55\\public\\index.php(55): Illuminate\\Foundation\\Http\\Kernel->handle(Object(Illuminate\\Http\\Request))
#35 {main}
"} 
[2019-06-04 03:08:15] local.ERROR: Undefined offset: 18 {"exception":"[object] (ErrorException(code: 0): Undefined offset: 18 at D:\\software\\wamp\\wamp\\wamp64\\www\\kuangjia\\laravel55\\app\\Http\\Controllers\\Admin\\TextController.php:67)
[stacktrace]
#0 D:\\software\\wamp\\wamp\\wamp64\\www\\kuangjia\\laravel55\\app\\Http\\Controllers\\Admin\\TextController.php(67): Illuminate\\Foundation\\Bootstrap\\HandleExceptions->handleError(8, 'Undefined offse...', 'D:\\\\software\\\\wam...', 67, Array)
#1 [internal function]: App\\Http\\Controllers\\Admin\\TextController->index()
#2 D:\\software\\wamp\\wamp\\wamp64\\www\\kuangjia\\laravel55\\vendor\\laravel\\framework\\src\\Illuminate\\Routing\\Controller.php(54): call_user_func_array(Array, Array)
#3 D:\\software\\wamp\\wamp\\wamp64\\www\\kuangjia\\laravel55\\vendor\\laravel\\framework\\src\\Illuminate\\Routing\\ControllerDispatcher.php(45): Illuminate\\Routing\\Controller->callAction('index', Array)
#4 D:\\software\\wamp\\wamp\\wamp64\\www\\kuangjia\\laravel55\\vendor\\laravel\\framework\\src\\Illuminate\\Routing\\Route.php(204): Illuminate\\Routing\\ControllerDispatcher->dispatch(Object(Illuminate\\Routing\\Route), Object(App\\Http\\Controllers\\Admin\\TextController), 'index')
#5 D:\\software\\wamp\\wamp\\wamp64\\www\\kuangjia\\laravel55\\vendor\\laravel\\framework\\src\\Illuminate\\Routing\\Route.php(161): Illuminate\\Routing\\Route->runController()
#6 D:\\software\\wamp\\wamp\\wamp64\\www\\kuangjia\\laravel55\\vendor\\laravel\\framework\\src\\Illuminate\\Routing\\Router.php(610): Illuminate\\Routing\\Route->run()
#7 D:\\software\\wamp\\wamp\\wamp64\\www\\kuangjia\\laravel55\\vendor\\laravel\\framework\\src\\Illuminate\\Routing\\Pipeline.php(30): Illuminate\\Routing\\Router->Illuminate\\Routing\\{closure}(Object(Illuminate\\Http\\Request))
#8 D:\\software\\wamp\\wamp\\wamp64\\www\\kuangjia\\laravel55\\app\\Http\\Middleware\\PermissionAuth.php(35): Illuminate\\Routing\\Pipeline->Illuminate\\Routing\\{closure}(Object(Illuminate\\Http\\Request))
#9 D:\\software\\wamp\\wamp\\wamp64\\www\\kuangjia\\laravel55\\vendor\\laravel\\framework\\src\\Illuminate\\Pipeline\\Pipeline.php(149): App\\Http\\Middleware\\PermissionAuth->handle(Object(Illuminate\\Http\\Request), Object(Closure))
#10 D:\\software\\wamp\\wamp\\wamp64\\www\\kuangjia\\laravel55\\vendor\\laravel\\framework\\src\\Illuminate\\Routing\\Pipeline.php(53): Illuminate\\Pipeline\\Pipeline->Illuminate\\Pipeline\\{closure}(Object(Illuminate\\Http\\Request))
#11 D:\\software\\wamp\\wamp\\wamp64\\www\\kuangjia\\laravel55\\app\\Http\\Middleware\\AdminAuth.php(32): Illuminate\\Routing\\Pipeline->Illuminate\\Routing\\{closure}(Object(Illuminate\\Http\\Request))
#12 D:\\software\\wamp\\wamp\\wamp64\\www\\kuangjia\\laravel55\\vendor\\laravel\\framework\\src\\Illuminate\\Pipeline\\Pipeline.php(149): App\\Http\\Middleware\\AdminAuth->handle(Object(Illuminate\\Http\\Request), Object(Closure))
#13 D:\\software\\wamp\\wamp\\wamp64\\www\\kuangjia\\laravel55\\vendor\\laravel\\framework\\src\\Illuminate\\Routing\\Pipeline.php(53): Illuminate\\Pipeline\\Pipeline->Illuminate\\Pipeline\\{closure}(Object(Illuminate\\Http\\Request))
#14 D:\\software\\wamp\\wamp\\wamp64\\www\\kuangjia\\laravel55\\vendor\\laravel\\framework\\src\\Illuminate\\Routing\\Middleware\\SubstituteBindings.php(41): Illuminate\\Routing\\Pipeline->Illuminate\\Routing\\{closure}(Object(Illuminate\\Http\\Request))
#15 D:\\software\\wamp\\wamp\\wamp64\\www\\kuangjia\\laravel55\\vendor\\laravel\\framework\\src\\Illuminate\\Pipeline\\Pipeline.php(149): Illuminate\\Routing\\Middleware\\SubstituteBindings->handle(Object(Illuminate\\Http\\Request), Object(Closure))
#16 D:\\software\\wamp\\wamp\\wamp64\\www\\kuangjia\\laravel55\\vendor\\laravel\\framework\\src\\Illuminate\\Routing\\Pipeline.php(53): Illuminate\\Pipeline\\Pipeline->Illuminate\\Pipeline\\{closure}(Object(Illuminate\\Http\\Request))
#17 D:\\software\\wamp\\wamp\\wamp64\\www\\kuangjia\\laravel55\\vendor\\laravel\\framework\\src\\Illuminate\\Foundation\\Http\\Middleware\\VerifyCsrfToken.php(67): Illuminate\\Routing\\Pipeline->Illuminate\\Routing\\{closure}(Object(Illuminate\\Http\\Request))
#18 D:\\software\\wamp\\wamp\\wamp64\\www\\kuangjia\\laravel55\\vendor\\laravel\\framework\\src\\Illuminate\\Pipeline\\Pipeline.php(149): Illuminate\\Foundation\\Http\\Middleware\\VerifyCsrfToken->handle(Object(Illuminate\\Http\\Request), Object(Closure))
#19 D:\\software\\wamp\\wamp\\wamp64\\www\\kuangjia\\laravel55\\vendor\\laravel\\framework\\src\\Illuminate\\Routing\\Pipeline.php(53): Illuminate\\Pipeline\\Pipeline->Illuminate\\Pipeline\\{closure}(Object(Illuminate\\Http\\Request))
#20 D:\\software\\wamp\\wamp\\wamp64\\www\\kuangjia\\laravel55\\vendor\\laravel\\framework\\src\\Illuminate\\View\\Middleware\\ShareErrorsFromSession.php(49): Illuminate\\Routing\\Pipeline->Illuminate\\Routing\\{closure}(Object(Illuminate\\Http\\Request))
#21 D:\\software\\wamp\\wamp\\wamp64\\www\\kuangjia\\laravel55\\vendor\\laravel\\framework\\src\\Illuminate\\Pipeline\\Pipeline.php(149): Illuminate\\View\\Middleware\\ShareErrorsFromSession->handle(Object(Illuminate\\Http\\Request), Object(Closure))
#22 D:\\software\\wamp\\wamp\\wamp64\\www\\kuangjia\\laravel55\\vendor\\laravel\\framework\\src\\Illuminate\\Routing\\Pipeline.php(53): Illuminate\\Pipeline\\Pipeline->Illuminate\\Pipeline\\{closure}(Object(Illuminate\\Http\\Request))
#23 D:\\software\\wamp\\wamp\\wamp64\\www\\kuangjia\\laravel55\\vendor\\laravel\\framework\\src\\Illuminate\\Session\\Middleware\\StartSession.php(63): Illuminate\\Routing\\Pipeline->Illuminate\\Routing\\{closure}(Object(Illuminate\\Http\\Request))
#24 D:\\software\\wamp\\wamp\\wamp64\\www\\kuangjia\\laravel55\\vendor\\laravel\\framework\\src\\Illuminate\\Pipeline\\Pipeline.php(149): Illuminate\\Session\\Middleware\\StartSession->handle(Object(Illuminate\\Http\\Request), Object(Closure))
#25 D:\\software\\wamp\\wamp\\wamp64\\www\\kuangjia\\laravel55\\vendor\\laravel\\framework\\src\\Illuminate\\Routing\\Pipeline.php(53): Illuminate\\Pipeline\\Pipeline->Illuminate\\Pipeline\\{closure}(Object(Illuminate\\Http\\Request))
#26 D:\\software\\wamp\\wamp\\wamp64\\www\\kuangjia\\laravel55\\vendor\\laravel\\framework\\src\\Illuminate\\Cookie\\Middleware\\AddQueuedCookiesToResponse.php(37): Illuminate\\Routing\\Pipeline->Illuminate\\Routing\\{closure}(Object(Illuminate\\Http\\Request))
#27 D:\\software\\wamp\\wamp\\wamp64\\www\\kuangjia\\laravel55\\vendor\\laravel\\framework\\src\\Illuminate\\Pipeline\\Pipeline.php(149): Illuminate\\Cookie\\Middleware\\AddQueuedCookiesToResponse->handle(Object(Illuminate\\Http\\Request), Object(Closure))
#28 D:\\software\\wamp\\wamp\\wamp64\\www\\kuangjia\\laravel55\\vendor\\laravel\\framework\\src\\Illuminate\\Routing\\Pipeline.php(53): Illuminate\\Pipeline\\Pipeline->Illuminate\\Pipeline\\{closure}(Object(Illuminate\\Http\\Request))
#29 D:\\software\\wamp\\wamp\\wamp64\\www\\kuangjia\\laravel55\\vendor\\laravel\\framework\\src\\Illuminate\\Cookie\\Middleware\\EncryptCookies.php(59): Illuminate\\Routing\\Pipeline->Illuminate\\Routing\\{closure}(Object(Illuminate\\Http\\Request))
#30 D:\\software\\wamp\\wamp\\wamp64\\www\\kuangjia\\laravel55\\vendor\\laravel\\framework\\src\\Illuminate\\Pipeline\\Pipeline.php(149): Illuminate\\Cookie\\Middleware\\EncryptCookies->handle(Object(Illuminate\\Http\\Request), Object(Closure))
#31 D:\\software\\wamp\\wamp\\wamp64\\www\\kuangjia\\laravel55\\vendor\\laravel\\framework\\src\\Illuminate\\Routing\\Pipeline.php(53): Illuminate\\Pipeline\\Pipeline->Illuminate\\Pipeline\\{closure}(Object(Illuminate\\Http\\Request))
#32 D:\\software\\wamp\\wamp\\wamp64\\www\\kuangjia\\laravel55\\vendor\\laravel\\framework\\src\\Illuminate\\Pipeline\\Pipeline.php(102): Illuminate\\Routing\\Pipeline->Illuminate\\Routing\\{closure}(Object(Illuminate\\Http\\Request))
#33 D:\\software\\wamp\\wamp\\wamp64\\www\\kuangjia\\laravel55\\vendor\\laravel\\framework\\src\\Illuminate\\Routing\\Router.php(612): Illuminate\\Pipeline\\Pipeline->then(Object(Closure))
#34 D:\\software\\wamp\\wamp\\wamp64\\www\\kuangjia\\laravel55\\vendor\\laravel\\framework\\src\\Illuminate\\Routing\\Router.php(571): Illuminate\\Routing\\Router->runRouteWithinStack(Object(Illuminate\\Routing\\Route), Object(Illuminate\\Http\\Request))
#35 D:\\software\\wamp\\wamp\\wamp64\\www\\kuangjia\\laravel55\\vendor\\laravel\\framework\\src\\Illuminate\\Routing\\Router.php(549): Illuminate\\Routing\\Router->dispatchToRoute(Object(Illuminate\\Http\\Request))
#36 D:\\software\\wamp\\wamp\\wamp64\\www\\kuangjia\\laravel55\\vendor\\laravel\\framework\\src\\Illuminate\\Foundation\\Http\\Kernel.php(176): Illuminate\\Routing\\Router->dispatch(Object(Illuminate\\Http\\Request))
#37 D:\\software\\wamp\\wamp\\wamp64\\www\\kuangjia\\laravel55\\vendor\\laravel\\framework\\src\\Illuminate\\Routing\\Pipeline.php(30): Illuminate\\Foundation\\Http\\Kernel->Illuminate\\Foundation\\Http\\{closure}(Object(Illuminate\\Http\\Request))
#38 D:\\software\\wamp\\wamp\\wamp64\\www\\kuangjia\\laravel55\\vendor\\fideloper\\proxy\\src\\TrustProxies.php(56): Illuminate\\Routing\\Pipeline->Illuminate\\Routing\\{closure}(Object(Illuminate\\Http\\Request))
#39 D:\\software\\wamp\\wamp\\wamp64\\www\\kuangjia\\laravel55\\vendor\\laravel\\framework\\src\\Illuminate\\Pipeline\\Pipeline.php(149): Fideloper\\Proxy\\TrustProxies->handle(Object(Illuminate\\Http\\Request), Object(Closure))
#40 D:\\software\\wamp\\wamp\\wamp64\\www\\kuangjia\\laravel55\\vendor\\laravel\\framework\\src\\Illuminate\\Routing\\Pipeline.php(53): Illuminate\\Pipeline\\Pipeline->Illuminate\\Pipeline\\{closure}(Object(Illuminate\\Http\\Request))
#41 D:\\software\\wamp\\wamp\\wamp64\\www\\kuangjia\\laravel55\\vendor\\laravel\\framework\\src\\Illuminate\\Foundation\\Http\\Middleware\\TransformsRequest.php(30): Illuminate\\Routing\\Pipeline->Illuminate\\Routing\\{closure}(Object(Illuminate\\Http\\Request))
#42 D:\\software\\wamp\\wamp\\wamp64\\www\\kuangjia\\laravel55\\vendor\\laravel\\framework\\src\\Illuminate\\Pipeline\\Pipeline.php(149): Illuminate\\Foundation\\Http\\Middleware\\TransformsRequest->handle(Object(Illuminate\\Http\\Request), Object(Closure))
#43 D:\\software\\wamp\\wamp\\wamp64\\www\\kuangjia\\laravel55\\vendor\\laravel\\framework\\src\\Illuminate\\Routing\\Pipeline.php(53): Illuminate\\Pipeline\\Pipeline->Illuminate\\Pipeline\\{closure}(Object(Illuminate\\Http\\Request))
#44 D:\\software\\wamp\\wamp\\wamp64\\www\\kuangjia\\laravel55\\vendor\\laravel\\framework\\src\\Illuminate\\Foundation\\Http\\Middleware\\TransformsRequest.php(30): Illuminate\\Routing\\Pipeline->Illuminate\\Routing\\{closure}(Object(Illuminate\\Http\\Request))
#45 D:\\software\\wamp\\wamp\\wamp64\\www\\kuangjia\\laravel55\\vendor\\laravel\\framework\\src\\Illuminate\\Pipeline\\Pipeline.php(149): Illuminate\\Foundation\\Http\\Middleware\\TransformsRequest->handle(Object(Illuminate\\Http\\Request), Object(Closure))
#46 D:\\software\\wamp\\wamp\\wamp64\\www\\kuangjia\\laravel55\\vendor\\laravel\\framework\\src\\Illuminate\\Routing\\Pipeline.php(53): Illuminate\\Pipeline\\Pipeline->Illuminate\\Pipeline\\{closure}(Object(Illuminate\\Http\\Request))
#47 D:\\software\\wamp\\wamp\\wamp64\\www\\kuangjia\\laravel55\\vendor\\laravel\\framework\\src\\Illuminate\\Foundation\\Http\\Middleware\\ValidatePostSize.php(27): Illuminate\\Routing\\Pipeline->Illuminate\\Routing\\{closure}(Object(Illuminate\\Http\\Request))
#48 D:\\software\\wamp\\wamp\\wamp64\\www\\kuangjia\\laravel55\\vendor\\laravel\\framework\\src\\Illuminate\\Pipeline\\Pipeline.php(149): Illuminate\\Foundation\\Http\\Middleware\\ValidatePostSize->handle(Object(Illuminate\\Http\\Request), Object(Closure))
#49 D:\\software\\wamp\\wamp\\wamp64\\www\\kuangjia\\laravel55\\vendor\\laravel\\framework\\src\\Illuminate\\Routing\\Pipeline.php(53): Illuminate\\Pipeline\\Pipeline->Illuminate\\Pipeline\\{closure}(Object(Illuminate\\Http\\Request))
#50 D:\\software\\wamp\\wamp\\wamp64\\www\\kuangjia\\laravel55\\vendor\\laravel\\framework\\src\\Illuminate\\Foundation\\Http\\Middleware\\CheckForMaintenanceMode.php(46): Illuminate\\Routing\\Pipeline->Illuminate\\Routing\\{closure}(Object(Illuminate\\Http\\Request))
#51 D:\\software\\wamp\\wamp\\wamp64\\www\\kuangjia\\laravel55\\vendor\\laravel\\framework\\src\\Illuminate\\Pipeline\\Pipeline.php(149): Illuminate\\Foundation\\Http\\Middleware\\CheckForMaintenanceMode->handle(Object(Illuminate\\Http\\Request), Object(Closure))
#52 D:\\software\\wamp\\wamp\\wamp64\\www\\kuangjia\\laravel55\\vendor\\laravel\\framework\\src\\Illuminate\\Routing\\Pipeline.php(53): Illuminate\\Pipeline\\Pipeline->Illuminate\\Pipeline\\{closure}(Object(Illuminate\\Http\\Request))
#53 D:\\software\\wamp\\wamp\\wamp64\\www\\kuangjia\\laravel55\\vendor\\laravel\\framework\\src\\Illuminate\\Pipeline\\Pipeline.php(102): Illuminate\\Routing\\Pipeline->Illuminate\\Routing\\{closure}(Object(Illuminate\\Http\\Request))
#54 D:\\software\\wamp\\wamp\\wamp64\\www\\kuangjia\\laravel55\\vendor\\laravel\\framework\\src\\Illuminate\\Foundation\\Http\\Kernel.php(151): Illuminate\\Pipeline\\Pipeline->then(Object(Closure))
#55 D:\\software\\wamp\\wamp\\wamp64\\www\\kuangjia\\laravel55\\vendor\\laravel\\framework\\src\\Illuminate\\Foundation\\Http\\Kernel.php(116): Illuminate\\Foundation\\Http\\Kernel->sendRequestThroughRouter(Object(Illuminate\\Http\\Request))
#56 D:\\software\\wamp\\wamp\\wamp64\\www\\kuangjia\\laravel55\\public\\index.php(55): Illuminate\\Foundation\\Http\\Kernel->handle(Object(Illuminate\\Http\\Request))
#57 {main}
"} 
[2019-06-04 03:10:06] local.ERROR: Undefined offset: 18 {"exception":"[object] (ErrorException(code: 0): Undefined offset: 18 at D:\\software\\wamp\\wamp\\wamp64\\www\\kuangjia\\laravel55\\app\\Http\\Controllers\\Admin\\TextController.php:67)
[stacktrace]
#0 D:\\software\\wamp\\wamp\\wamp64\\www\\kuangjia\\laravel55\\app\\Http\\Controllers\\Admin\\TextController.php(67): Illuminate\\Foundation\\Bootstrap\\HandleExceptions->handleError(8, 'Undefined offse...', 'D:\\\\software\\\\wam...', 67, Array)
#1 [internal function]: App\\Http\\Controllers\\Admin\\TextController->index()
#2 D:\\software\\wamp\\wamp\\wamp64\\www\\kuangjia\\laravel55\\vendor\\laravel\\framework\\src\\Illuminate\\Routing\\Controller.php(54): call_user_func_array(Array, Array)
#3 D:\\software\\wamp\\wamp\\wamp64\\www\\kuangjia\\laravel55\\vendor\\laravel\\framework\\src\\Illuminate\\Routing\\ControllerDispatcher.php(45): Illuminate\\Routing\\Controller->callAction('index', Array)
#4 D:\\software\\wamp\\wamp\\wamp64\\www\\kuangjia\\laravel55\\vendor\\laravel\\framework\\src\\Illuminate\\Routing\\Route.php(204): Illuminate\\Routing\\ControllerDispatcher->dispatch(Object(Illuminate\\Routing\\Route), Object(App\\Http\\Controllers\\Admin\\TextController), 'index')
#5 D:\\software\\wamp\\wamp\\wamp64\\www\\kuangjia\\laravel55\\vendor\\laravel\\framework\\src\\Illuminate\\Routing\\Route.php(161): Illuminate\\Routing\\Route->runController()
#6 D:\\software\\wamp\\wamp\\wamp64\\www\\kuangjia\\laravel55\\vendor\\laravel\\framework\\src\\Illuminate\\Routing\\Router.php(610): Illuminate\\Routing\\Route->run()
#7 D:\\software\\wamp\\wamp\\wamp64\\www\\kuangjia\\laravel55\\vendor\\laravel\\framework\\src\\Illuminate\\Routing\\Pipeline.php(30): Illuminate\\Routing\\Router->Illuminate\\Routing\\{closure}(Object(Illuminate\\Http\\Request))
#8 D:\\software\\wamp\\wamp\\wamp64\\www\\kuangjia\\laravel55\\app\\Http\\Middleware\\PermissionAuth.php(35): Illuminate\\Routing\\Pipeline->Illuminate\\Routing\\{closure}(Object(Illuminate\\Http\\Request))
#9 D:\\software\\wamp\\wamp\\wamp64\\www\\kuangjia\\laravel55\\vendor\\laravel\\framework\\src\\Illuminate\\Pipeline\\Pipeline.php(149): App\\Http\\Middleware\\PermissionAuth->handle(Object(Illuminate\\Http\\Request), Object(Closure))
#10 D:\\software\\wamp\\wamp\\wamp64\\www\\kuangjia\\laravel55\\vendor\\laravel\\framework\\src\\Illuminate\\Routing\\Pipeline.php(53): Illuminate\\Pipeline\\Pipeline->Illuminate\\Pipeline\\{closure}(Object(Illuminate\\Http\\Request))
#11 D:\\software\\wamp\\wamp\\wamp64\\www\\kuangjia\\laravel55\\app\\Http\\Middleware\\AdminAuth.php(32): Illuminate\\Routing\\Pipeline->Illuminate\\Routing\\{closure}(Object(Illuminate\\Http\\Request))
#12 D:\\software\\wamp\\wamp\\wamp64\\www\\kuangjia\\laravel55\\vendor\\laravel\\framework\\src\\Illuminate\\Pipeline\\Pipeline.php(149): App\\Http\\Middleware\\AdminAuth->handle(Object(Illuminate\\Http\\Request), Object(Closure))
#13 D:\\software\\wamp\\wamp\\wamp64\\www\\kuangjia\\laravel55\\vendor\\laravel\\framework\\src\\Illuminate\\Routing\\Pipeline.php(53): Illuminate\\Pipeline\\Pipeline->Illuminate\\Pipeline\\{closure}(Object(Illuminate\\Http\\Request))
#14 D:\\software\\wamp\\wamp\\wamp64\\www\\kuangjia\\laravel55\\vendor\\laravel\\framework\\src\\Illuminate\\Routing\\Middleware\\SubstituteBindings.php(41): Illuminate\\Routing\\Pipeline->Illuminate\\Routing\\{closure}(Object(Illuminate\\Http\\Request))
#15 D:\\software\\wamp\\wamp\\wamp64\\www\\kuangjia\\laravel55\\vendor\\laravel\\framework\\src\\Illuminate\\Pipeline\\Pipeline.php(149): Illuminate\\Routing\\Middleware\\SubstituteBindings->handle(Object(Illuminate\\Http\\Request), Object(Closure))
#16 D:\\software\\wamp\\wamp\\wamp64\\www\\kuangjia\\laravel55\\vendor\\laravel\\framework\\src\\Illuminate\\Routing\\Pipeline.php(53): Illuminate\\Pipeline\\Pipeline->Illuminate\\Pipeline\\{closure}(Object(Illuminate\\Http\\Request))
#17 D:\\software\\wamp\\wamp\\wamp64\\www\\kuangjia\\laravel55\\vendor\\laravel\\framework\\src\\Illuminate\\Foundation\\Http\\Middleware\\VerifyCsrfToken.php(67): Illuminate\\Routing\\Pipeline->Illuminate\\Routing\\{closure}(Object(Illuminate\\Http\\Request))
#18 D:\\software\\wamp\\wamp\\wamp64\\www\\kuangjia\\laravel55\\vendor\\laravel\\framework\\src\\Illuminate\\Pipeline\\Pipeline.php(149): Illuminate\\Foundation\\Http\\Middleware\\VerifyCsrfToken->handle(Object(Illuminate\\Http\\Request), Object(Closure))
#19 D:\\software\\wamp\\wamp\\wamp64\\www\\kuangjia\\laravel55\\vendor\\laravel\\framework\\src\\Illuminate\\Routing\\Pipeline.php(53): Illuminate\\Pipeline\\Pipeline->Illuminate\\Pipeline\\{closure}(Object(Illuminate\\Http\\Request))
#20 D:\\software\\wamp\\wamp\\wamp64\\www\\kuangjia\\laravel55\\vendor\\laravel\\framework\\src\\Illuminate\\View\\Middleware\\ShareErrorsFromSession.php(49): Illuminate\\Routing\\Pipeline->Illuminate\\Routing\\{closure}(Object(Illuminate\\Http\\Request))
#21 D:\\software\\wamp\\wamp\\wamp64\\www\\kuangjia\\laravel55\\vendor\\laravel\\framework\\src\\Illuminate\\Pipeline\\Pipeline.php(149): Illuminate\\View\\Middleware\\ShareErrorsFromSession->handle(Object(Illuminate\\Http\\Request), Object(Closure))
#22 D:\\software\\wamp\\wamp\\wamp64\\www\\kuangjia\\laravel55\\vendor\\laravel\\framework\\src\\Illuminate\\Routing\\Pipeline.php(53): Illuminate\\Pipeline\\Pipeline->Illuminate\\Pipeline\\{closure}(Object(Illuminate\\Http\\Request))
#23 D:\\software\\wamp\\wamp\\wamp64\\www\\kuangjia\\laravel55\\vendor\\laravel\\framework\\src\\Illuminate\\Session\\Middleware\\StartSession.php(63): Illuminate\\Routing\\Pipeline->Illuminate\\Routing\\{closure}(Object(Illuminate\\Http\\Request))
#24 D:\\software\\wamp\\wamp\\wamp64\\www\\kuangjia\\laravel55\\vendor\\laravel\\framework\\src\\Illuminate\\Pipeline\\Pipeline.php(149): Illuminate\\Session\\Middleware\\StartSession->handle(Object(Illuminate\\Http\\Request), Object(Closure))
#25 D:\\software\\wamp\\wamp\\wamp64\\www\\kuangjia\\laravel55\\vendor\\laravel\\framework\\src\\Illuminate\\Routing\\Pipeline.php(53): Illuminate\\Pipeline\\Pipeline->Illuminate\\Pipeline\\{closure}(Object(Illuminate\\Http\\Request))
#26 D:\\software\\wamp\\wamp\\wamp64\\www\\kuangjia\\laravel55\\vendor\\laravel\\framework\\src\\Illuminate\\Cookie\\Middleware\\AddQueuedCookiesToResponse.php(37): Illuminate\\Routing\\Pipeline->Illuminate\\Routing\\{closure}(Object(Illuminate\\Http\\Request))
#27 D:\\software\\wamp\\wamp\\wamp64\\www\\kuangjia\\laravel55\\vendor\\laravel\\framework\\src\\Illuminate\\Pipeline\\Pipeline.php(149): Illuminate\\Cookie\\Middleware\\AddQueuedCookiesToResponse->handle(Object(Illuminate\\Http\\Request), Object(Closure))
#28 D:\\software\\wamp\\wamp\\wamp64\\www\\kuangjia\\laravel55\\vendor\\laravel\\framework\\src\\Illuminate\\Routing\\Pipeline.php(53): Illuminate\\Pipeline\\Pipeline->Illuminate\\Pipeline\\{closure}(Object(Illuminate\\Http\\Request))
#29 D:\\software\\wamp\\wamp\\wamp64\\www\\kuangjia\\laravel55\\vendor\\laravel\\framework\\src\\Illuminate\\Cookie\\Middleware\\EncryptCookies.php(59): Illuminate\\Routing\\Pipeline->Illuminate\\Routing\\{closure}(Object(Illuminate\\Http\\Request))
#30 D:\\software\\wamp\\wamp\\wamp64\\www\\kuangjia\\laravel55\\vendor\\laravel\\framework\\src\\Illuminate\\Pipeline\\Pipeline.php(149): Illuminate\\Cookie\\Middleware\\EncryptCookies->handle(Object(Illuminate\\Http\\Request), Object(Closure))
#31 D:\\software\\wamp\\wamp\\wamp64\\www\\kuangjia\\laravel55\\vendor\\laravel\\framework\\src\\Illuminate\\Routing\\Pipeline.php(53): Illuminate\\Pipeline\\Pipeline->Illuminate\\Pipeline\\{closure}(Object(Illuminate\\Http\\Request))
#32 D:\\software\\wamp\\wamp\\wamp64\\www\\kuangjia\\laravel55\\vendor\\laravel\\framework\\src\\Illuminate\\Pipeline\\Pipeline.php(102): Illuminate\\Routing\\Pipeline->Illuminate\\Routing\\{closure}(Object(Illuminate\\Http\\Request))
#33 D:\\software\\wamp\\wamp\\wamp64\\www\\kuangjia\\laravel55\\vendor\\laravel\\framework\\src\\Illuminate\\Routing\\Router.php(612): Illuminate\\Pipeline\\Pipeline->then(Object(Closure))
#34 D:\\software\\wamp\\wamp\\wamp64\\www\\kuangjia\\laravel55\\vendor\\laravel\\framework\\src\\Illuminate\\Routing\\Router.php(571): Illuminate\\Routing\\Router->runRouteWithinStack(Object(Illuminate\\Routing\\Route), Object(Illuminate\\Http\\Request))
#35 D:\\software\\wamp\\wamp\\wamp64\\www\\kuangjia\\laravel55\\vendor\\laravel\\framework\\src\\Illuminate\\Routing\\Router.php(549): Illuminate\\Routing\\Router->dispatchToRoute(Object(Illuminate\\Http\\Request))
#36 D:\\software\\wamp\\wamp\\wamp64\\www\\kuangjia\\laravel55\\vendor\\laravel\\framework\\src\\Illuminate\\Foundation\\Http\\Kernel.php(176): Illuminate\\Routing\\Router->dispatch(Object(Illuminate\\Http\\Request))
#37 D:\\software\\wamp\\wamp\\wamp64\\www\\kuangjia\\laravel55\\vendor\\laravel\\framework\\src\\Illuminate\\Routing\\Pipeline.php(30): Illuminate\\Foundation\\Http\\Kernel->Illuminate\\Foundation\\Http\\{closure}(Object(Illuminate\\Http\\Request))
#38 D:\\software\\wamp\\wamp\\wamp64\\www\\kuangjia\\laravel55\\vendor\\fideloper\\proxy\\src\\TrustProxies.php(56): Illuminate\\Routing\\Pipeline->Illuminate\\Routing\\{closure}(Object(Illuminate\\Http\\Request))
#39 D:\\software\\wamp\\wamp\\wamp64\\www\\kuangjia\\laravel55\\vendor\\laravel\\framework\\src\\Illuminate\\Pipeline\\Pipeline.php(149): Fideloper\\Proxy\\TrustProxies->handle(Object(Illuminate\\Http\\Request), Object(Closure))
#40 D:\\software\\wamp\\wamp\\wamp64\\www\\kuangjia\\laravel55\\vendor\\laravel\\framework\\src\\Illuminate\\Routing\\Pipeline.php(53): Illuminate\\Pipeline\\Pipeline->Illuminate\\Pipeline\\{closure}(Object(Illuminate\\Http\\Request))
#41 D:\\software\\wamp\\wamp\\wamp64\\www\\kuangjia\\laravel55\\vendor\\laravel\\framework\\src\\Illuminate\\Foundation\\Http\\Middleware\\TransformsRequest.php(30): Illuminate\\Routing\\Pipeline->Illuminate\\Routing\\{closure}(Object(Illuminate\\Http\\Request))
#42 D:\\software\\wamp\\wamp\\wamp64\\www\\kuangjia\\laravel55\\vendor\\laravel\\framework\\src\\Illuminate\\Pipeline\\Pipeline.php(149): Illuminate\\Foundation\\Http\\Middleware\\TransformsRequest->handle(Object(Illuminate\\Http\\Request), Object(Closure))
#43 D:\\software\\wamp\\wamp\\wamp64\\www\\kuangjia\\laravel55\\vendor\\laravel\\framework\\src\\Illuminate\\Routing\\Pipeline.php(53): Illuminate\\Pipeline\\Pipeline->Illuminate\\Pipeline\\{closure}(Object(Illuminate\\Http\\Request))
#44 D:\\software\\wamp\\wamp\\wamp64\\www\\kuangjia\\laravel55\\vendor\\laravel\\framework\\src\\Illuminate\\Foundation\\Http\\Middleware\\TransformsRequest.php(30): Illuminate\\Routing\\Pipeline->Illuminate\\Routing\\{closure}(Object(Illuminate\\Http\\Request))
#45 D:\\software\\wamp\\wamp\\wamp64\\www\\kuangjia\\laravel55\\vendor\\laravel\\framework\\src\\Illuminate\\Pipeline\\Pipeline.php(149): Illuminate\\Foundation\\Http\\Middleware\\TransformsRequest->handle(Object(Illuminate\\Http\\Request), Object(Closure))
#46 D:\\software\\wamp\\wamp\\wamp64\\www\\kuangjia\\laravel55\\vendor\\laravel\\framework\\src\\Illuminate\\Routing\\Pipeline.php(53): Illuminate\\Pipeline\\Pipeline->Illuminate\\Pipeline\\{closure}(Object(Illuminate\\Http\\Request))
#47 D:\\software\\wamp\\wamp\\wamp64\\www\\kuangjia\\laravel55\\vendor\\laravel\\framework\\src\\Illuminate\\Foundation\\Http\\Middleware\\ValidatePostSize.php(27): Illuminate\\Routing\\Pipeline->Illuminate\\Routing\\{closure}(Object(Illuminate\\Http\\Request))
#48 D:\\software\\wamp\\wamp\\wamp64\\www\\kuangjia\\laravel55\\vendor\\laravel\\framework\\src\\Illuminate\\Pipeline\\Pipeline.php(149): Illuminate\\Foundation\\Http\\Middleware\\ValidatePostSize->handle(Object(Illuminate\\Http\\Request), Object(Closure))
#49 D:\\software\\wamp\\wamp\\wamp64\\www\\kuangjia\\laravel55\\vendor\\laravel\\framework\\src\\Illuminate\\Routing\\Pipeline.php(53): Illuminate\\Pipeline\\Pipeline->Illuminate\\Pipeline\\{closure}(Object(Illuminate\\Http\\Request))
#50 D:\\software\\wamp\\wamp\\wamp64\\www\\kuangjia\\laravel55\\vendor\\laravel\\framework\\src\\Illuminate\\Foundation\\Http\\Middleware\\CheckForMaintenanceMode.php(46): Illuminate\\Routing\\Pipeline->Illuminate\\Routing\\{closure}(Object(Illuminate\\Http\\Request))
#51 D:\\software\\wamp\\wamp\\wamp64\\www\\kuangjia\\laravel55\\vendor\\laravel\\framework\\src\\Illuminate\\Pipeline\\Pipeline.php(149): Illuminate\\Foundation\\Http\\Middleware\\CheckForMaintenanceMode->handle(Object(Illuminate\\Http\\Request), Object(Closure))
#52 D:\\software\\wamp\\wamp\\wamp64\\www\\kuangjia\\laravel55\\vendor\\laravel\\framework\\src\\Illuminate\\Routing\\Pipeline.php(53): Illuminate\\Pipeline\\Pipeline->Illuminate\\Pipeline\\{closure}(Object(Illuminate\\Http\\Request))
#53 D:\\software\\wamp\\wamp\\wamp64\\www\\kuangjia\\laravel55\\vendor\\laravel\\framework\\src\\Illuminate\\Pipeline\\Pipeline.php(102): Illuminate\\Routing\\Pipeline->Illuminate\\Routing\\{closure}(Object(Illuminate\\Http\\Request))
#54 D:\\software\\wamp\\wamp\\wamp64\\www\\kuangjia\\laravel55\\vendor\\laravel\\framework\\src\\Illuminate\\Foundation\\Http\\Kernel.php(151): Illuminate\\Pipeline\\Pipeline->then(Object(Closure))
#55 D:\\software\\wamp\\wamp\\wamp64\\www\\kuangjia\\laravel55\\vendor\\laravel\\framework\\src\\Illuminate\\Foundation\\Http\\Kernel.php(116): Illuminate\\Foundation\\Http\\Kernel->sendRequestThroughRouter(Object(Illuminate\\Http\\Request))
#56 D:\\software\\wamp\\wamp\\wamp64\\www\\kuangjia\\laravel55\\public\\index.php(55): Illuminate\\Foundation\\Http\\Kernel->handle(Object(Illuminate\\Http\\Request))
#57 {main}
"} 
